{"/Users/albertopher/team_14_cis_3500_project_repo/backend/model/db.js": {"path":"/Users/albertopher/team_14_cis_3500_project_repo/backend/model/db.js","statementMap":{"0":{"start":{"line":5,"column":0},"end":{"line":5,"column":27}},"1":{"start":{"line":8,"column":24},"end":{"line":8,"column":42}},"2":{"start":{"line":16,"column":14},"end":{"line":16,"column":149}},"3":{"start":{"line":27,"column":16},"end":{"line":38,"column":1}},"4":{"start":{"line":29,"column":2},"end":{"line":37,"column":3}},"5":{"start":{"line":30,"column":4},"end":{"line":32,"column":7}},"6":{"start":{"line":34,"column":4},"end":{"line":34,"column":27}},"7":{"start":{"line":36,"column":4},"end":{"line":36,"column":54}},"8":{"start":{"line":44,"column":14},"end":{"line":50,"column":1}},"9":{"start":{"line":46,"column":2},"end":{"line":48,"column":3}},"10":{"start":{"line":47,"column":4},"end":{"line":47,"column":20}},"11":{"start":{"line":49,"column":2},"end":{"line":49,"column":30}},"12":{"start":{"line":56,"column":31},"end":{"line":58,"column":1}},"13":{"start":{"line":57,"column":2},"end":{"line":57,"column":32}},"14":{"start":{"line":60,"column":0},"end":{"line":60,"column":8}},"15":{"start":{"line":63,"column":0},"end":{"line":66,"column":2}}},"fnMap":{"0":{"name":"(anonymous_0)","decl":{"start":{"line":27,"column":16},"end":{"line":27,"column":17}},"loc":{"start":{"line":27,"column":28},"end":{"line":38,"column":1}},"line":27},"1":{"name":"(anonymous_1)","decl":{"start":{"line":44,"column":14},"end":{"line":44,"column":15}},"loc":{"start":{"line":44,"column":26},"end":{"line":50,"column":1}},"line":44},"2":{"name":"(anonymous_2)","decl":{"start":{"line":56,"column":31},"end":{"line":56,"column":32}},"loc":{"start":{"line":56,"column":43},"end":{"line":58,"column":1}},"line":56}},"branchMap":{"0":{"loc":{"start":{"line":46,"column":2},"end":{"line":48,"column":3}},"type":"if","locations":[{"start":{"line":46,"column":2},"end":{"line":48,"column":3}},{"start":{},"end":{}}],"line":46}},"s":{"0":2,"1":2,"2":2,"3":2,"4":9,"5":9,"6":9,"7":0,"8":2,"9":21,"10":9,"11":21,"12":2,"13":2,"14":2,"15":2},"f":{"0":9,"1":21,"2":2},"b":{"0":[9,12]},"_coverageSchema":"1a1c01bbd47fc00a2c39e90264f33305004495a9","hash":"b4b6623bcbbeb943f7d2bb2438565a9361bae5cb"}
,"/Users/albertopher/team_14_cis_3500_project_repo/backend/model/event.js": {"path":"/Users/albertopher/team_14_cis_3500_project_repo/backend/model/event.js","statementMap":{"0":{"start":{"line":1,"column":36},"end":{"line":1,"column":56}},"1":{"start":{"line":5,"column":21},"end":{"line":5,"column":39}},"2":{"start":{"line":6,"column":18},"end":{"line":6,"column":33}},"3":{"start":{"line":14,"column":17},"end":{"line":25,"column":1}},"4":{"start":{"line":15,"column":2},"end":{"line":24,"column":3}},"5":{"start":{"line":16,"column":15},"end":{"line":16,"column":28}},"6":{"start":{"line":17,"column":19},"end":{"line":17,"column":68}},"7":{"start":{"line":18,"column":4},"end":{"line":18,"column":67}},"8":{"start":{"line":19,"column":4},"end":{"line":19,"column":115}},"9":{"start":{"line":20,"column":4},"end":{"line":20,"column":29}},"10":{"start":{"line":22,"column":4},"end":{"line":22,"column":23}},"11":{"start":{"line":23,"column":4},"end":{"line":23,"column":43}},"12":{"start":{"line":58,"column":23},"end":{"line":78,"column":1}},"13":{"start":{"line":59,"column":2},"end":{"line":77,"column":3}},"14":{"start":{"line":61,"column":15},"end":{"line":61,"column":28}},"15":{"start":{"line":62,"column":19},"end":{"line":65,"column":5}},"16":{"start":{"line":66,"column":17},"end":{"line":68,"column":5}},"17":{"start":{"line":69,"column":4},"end":{"line":69,"column":86}},"18":{"start":{"line":70,"column":4},"end":{"line":70,"column":18}},"19":{"start":{"line":72,"column":17},"end":{"line":74,"column":5}},"20":{"start":{"line":75,"column":4},"end":{"line":75,"column":23}},"21":{"start":{"line":76,"column":4},"end":{"line":76,"column":79}},"22":{"start":{"line":85,"column":24},"end":{"line":124,"column":1}},"23":{"start":{"line":86,"column":2},"end":{"line":123,"column":3}},"24":{"start":{"line":87,"column":15},"end":{"line":87,"column":28}},"25":{"start":{"line":88,"column":25},"end":{"line":117,"column":16}},"26":{"start":{"line":119,"column":4},"end":{"line":119,"column":60}},"27":{"start":{"line":121,"column":4},"end":{"line":121,"column":58}},"28":{"start":{"line":122,"column":4},"end":{"line":122,"column":56}},"29":{"start":{"line":127,"column":25},"end":{"line":147,"column":1}},"30":{"start":{"line":128,"column":2},"end":{"line":146,"column":3}},"31":{"start":{"line":130,"column":15},"end":{"line":130,"column":28}},"32":{"start":{"line":131,"column":19},"end":{"line":134,"column":5}},"33":{"start":{"line":135,"column":17},"end":{"line":137,"column":5}},"34":{"start":{"line":138,"column":4},"end":{"line":138,"column":91}},"35":{"start":{"line":139,"column":4},"end":{"line":139,"column":18}},"36":{"start":{"line":141,"column":17},"end":{"line":143,"column":5}},"37":{"start":{"line":144,"column":4},"end":{"line":144,"column":23}},"38":{"start":{"line":145,"column":4},"end":{"line":145,"column":82}},"39":{"start":{"line":153,"column":21},"end":{"line":162,"column":1}},"40":{"start":{"line":154,"column":2},"end":{"line":161,"column":3}},"41":{"start":{"line":155,"column":15},"end":{"line":155,"column":28}},"42":{"start":{"line":156,"column":19},"end":{"line":156,"column":67}},"43":{"start":{"line":157,"column":4},"end":{"line":157,"column":18}},"44":{"start":{"line":159,"column":4},"end":{"line":159,"column":55}},"45":{"start":{"line":160,"column":4},"end":{"line":160,"column":49}},"46":{"start":{"line":170,"column":17},"end":{"line":186,"column":1}},"47":{"start":{"line":171,"column":2},"end":{"line":185,"column":3}},"48":{"start":{"line":172,"column":15},"end":{"line":172,"column":28}},"49":{"start":{"line":173,"column":18},"end":{"line":173,"column":122}},"50":{"start":{"line":175,"column":4},"end":{"line":178,"column":5}},"51":{"start":{"line":176,"column":6},"end":{"line":176,"column":39}},"52":{"start":{"line":177,"column":6},"end":{"line":177,"column":41}},"53":{"start":{"line":180,"column":4},"end":{"line":180,"column":66}},"54":{"start":{"line":181,"column":4},"end":{"line":181,"column":28}},"55":{"start":{"line":183,"column":4},"end":{"line":183,"column":58}},"56":{"start":{"line":184,"column":4},"end":{"line":184,"column":56}},"57":{"start":{"line":195,"column":20},"end":{"line":217,"column":1}},"58":{"start":{"line":196,"column":2},"end":{"line":216,"column":3}},"59":{"start":{"line":197,"column":15},"end":{"line":197,"column":28}},"60":{"start":{"line":198,"column":18},"end":{"line":198,"column":87}},"61":{"start":{"line":202,"column":4},"end":{"line":205,"column":5}},"62":{"start":{"line":203,"column":6},"end":{"line":203,"column":39}},"63":{"start":{"line":204,"column":6},"end":{"line":204,"column":41}},"64":{"start":{"line":206,"column":4},"end":{"line":209,"column":5}},"65":{"start":{"line":207,"column":6},"end":{"line":207,"column":59}},"66":{"start":{"line":208,"column":6},"end":{"line":208,"column":61}},"67":{"start":{"line":211,"column":4},"end":{"line":211,"column":61}},"68":{"start":{"line":212,"column":4},"end":{"line":212,"column":26}},"69":{"start":{"line":214,"column":4},"end":{"line":214,"column":54}},"70":{"start":{"line":215,"column":4},"end":{"line":215,"column":52}},"71":{"start":{"line":220,"column":22},"end":{"line":237,"column":1}},"72":{"start":{"line":221,"column":2},"end":{"line":236,"column":3}},"73":{"start":{"line":222,"column":15},"end":{"line":222,"column":28}},"74":{"start":{"line":223,"column":19},"end":{"line":224,"column":36}},"75":{"start":{"line":226,"column":4},"end":{"line":229,"column":5}},"76":{"start":{"line":227,"column":6},"end":{"line":227,"column":49}},"77":{"start":{"line":228,"column":6},"end":{"line":228,"column":18}},"78":{"start":{"line":231,"column":4},"end":{"line":231,"column":105}},"79":{"start":{"line":232,"column":4},"end":{"line":232,"column":29}},"80":{"start":{"line":234,"column":4},"end":{"line":234,"column":23}},"81":{"start":{"line":235,"column":4},"end":{"line":235,"column":47}},"82":{"start":{"line":239,"column":30},"end":{"line":267,"column":1}},"83":{"start":{"line":240,"column":2},"end":{"line":266,"column":3}},"84":{"start":{"line":241,"column":15},"end":{"line":241,"column":28}},"85":{"start":{"line":242,"column":19},"end":{"line":242,"column":49}},"86":{"start":{"line":244,"column":4},"end":{"line":247,"column":5}},"87":{"start":{"line":245,"column":6},"end":{"line":245,"column":36}},"88":{"start":{"line":246,"column":6},"end":{"line":246,"column":19}},"89":{"start":{"line":249,"column":19},"end":{"line":252,"column":5}},"90":{"start":{"line":256,"column":4},"end":{"line":259,"column":5}},"91":{"start":{"line":257,"column":6},"end":{"line":257,"column":42}},"92":{"start":{"line":258,"column":6},"end":{"line":258,"column":19}},"93":{"start":{"line":261,"column":4},"end":{"line":261,"column":79}},"94":{"start":{"line":262,"column":4},"end":{"line":262,"column":16}},"95":{"start":{"line":264,"column":4},"end":{"line":264,"column":23}},"96":{"start":{"line":265,"column":4},"end":{"line":265,"column":59}},"97":{"start":{"line":284,"column":0},"end":{"line":284,"column":61}},"98":{"start":{"line":285,"column":0},"end":{"line":285,"column":62}},"99":{"start":{"line":286,"column":0},"end":{"line":286,"column":62}},"100":{"start":{"line":287,"column":0},"end":{"line":287,"column":61}},"101":{"start":{"line":288,"column":0},"end":{"line":288,"column":61}},"102":{"start":{"line":302,"column":0},"end":{"line":312,"column":2}}},"fnMap":{"0":{"name":"(anonymous_0)","decl":{"start":{"line":14,"column":17},"end":{"line":14,"column":18}},"loc":{"start":{"line":14,"column":37},"end":{"line":25,"column":1}},"line":14},"1":{"name":"(anonymous_1)","decl":{"start":{"line":58,"column":23},"end":{"line":58,"column":24}},"loc":{"start":{"line":58,"column":55},"end":{"line":78,"column":1}},"line":58},"2":{"name":"(anonymous_2)","decl":{"start":{"line":85,"column":24},"end":{"line":85,"column":25}},"loc":{"start":{"line":85,"column":43},"end":{"line":124,"column":1}},"line":85},"3":{"name":"(anonymous_3)","decl":{"start":{"line":127,"column":25},"end":{"line":127,"column":26}},"loc":{"start":{"line":127,"column":59},"end":{"line":147,"column":1}},"line":127},"4":{"name":"(anonymous_4)","decl":{"start":{"line":153,"column":21},"end":{"line":153,"column":22}},"loc":{"start":{"line":153,"column":33},"end":{"line":162,"column":1}},"line":153},"5":{"name":"(anonymous_5)","decl":{"start":{"line":170,"column":17},"end":{"line":170,"column":18}},"loc":{"start":{"line":170,"column":36},"end":{"line":186,"column":1}},"line":170},"6":{"name":"(anonymous_6)","decl":{"start":{"line":195,"column":20},"end":{"line":195,"column":21}},"loc":{"start":{"line":195,"column":39},"end":{"line":217,"column":1}},"line":195},"7":{"name":"(anonymous_7)","decl":{"start":{"line":220,"column":22},"end":{"line":220,"column":23}},"loc":{"start":{"line":220,"column":41},"end":{"line":237,"column":1}},"line":220},"8":{"name":"(anonymous_8)","decl":{"start":{"line":239,"column":30},"end":{"line":239,"column":31}},"loc":{"start":{"line":239,"column":59},"end":{"line":267,"column":1}},"line":239}},"branchMap":{"0":{"loc":{"start":{"line":119,"column":11},"end":{"line":119,"column":59}},"type":"cond-expr","locations":[{"start":{"line":119,"column":37},"end":{"line":119,"column":52}},{"start":{"line":119,"column":55},"end":{"line":119,"column":59}}],"line":119},"1":{"loc":{"start":{"line":175,"column":4},"end":{"line":178,"column":5}},"type":"if","locations":[{"start":{"line":175,"column":4},"end":{"line":178,"column":5}},{"start":{},"end":{}}],"line":175},"2":{"loc":{"start":{"line":202,"column":4},"end":{"line":205,"column":5}},"type":"if","locations":[{"start":{"line":202,"column":4},"end":{"line":205,"column":5}},{"start":{},"end":{}}],"line":202},"3":{"loc":{"start":{"line":206,"column":4},"end":{"line":209,"column":5}},"type":"if","locations":[{"start":{"line":206,"column":4},"end":{"line":209,"column":5}},{"start":{},"end":{}}],"line":206},"4":{"loc":{"start":{"line":226,"column":4},"end":{"line":229,"column":5}},"type":"if","locations":[{"start":{"line":226,"column":4},"end":{"line":229,"column":5}},{"start":{},"end":{}}],"line":226},"5":{"loc":{"start":{"line":244,"column":4},"end":{"line":247,"column":5}},"type":"if","locations":[{"start":{"line":244,"column":4},"end":{"line":247,"column":5}},{"start":{},"end":{}}],"line":244},"6":{"loc":{"start":{"line":256,"column":4},"end":{"line":259,"column":5}},"type":"if","locations":[{"start":{"line":256,"column":4},"end":{"line":259,"column":5}},{"start":{},"end":{}}],"line":256}},"s":{"0":1,"1":1,"2":1,"3":1,"4":1,"5":1,"6":1,"7":1,"8":1,"9":1,"10":0,"11":0,"12":1,"13":0,"14":0,"15":0,"16":0,"17":0,"18":0,"19":0,"20":0,"21":0,"22":1,"23":0,"24":0,"25":0,"26":0,"27":0,"28":0,"29":1,"30":0,"31":0,"32":0,"33":0,"34":0,"35":0,"36":0,"37":0,"38":0,"39":1,"40":0,"41":0,"42":0,"43":0,"44":0,"45":0,"46":1,"47":0,"48":0,"49":0,"50":0,"51":0,"52":0,"53":0,"54":0,"55":0,"56":0,"57":1,"58":0,"59":0,"60":0,"61":0,"62":0,"63":0,"64":0,"65":0,"66":0,"67":0,"68":0,"69":0,"70":0,"71":1,"72":0,"73":0,"74":0,"75":0,"76":0,"77":0,"78":0,"79":0,"80":0,"81":0,"82":1,"83":5,"84":5,"85":5,"86":5,"87":0,"88":0,"89":5,"90":5,"91":0,"92":0,"93":5,"94":5,"95":0,"96":0,"97":1,"98":1,"99":1,"100":1,"101":1,"102":1},"f":{"0":1,"1":0,"2":0,"3":0,"4":0,"5":0,"6":0,"7":0,"8":5},"b":{"0":[0,0],"1":[0,0],"2":[0,0],"3":[0,0],"4":[0,0],"5":[0,5],"6":[0,5]},"_coverageSchema":"1a1c01bbd47fc00a2c39e90264f33305004495a9","hash":"b9db33b56c4abb7ac526eba1056341e483f9acfd"}
,"/Users/albertopher/team_14_cis_3500_project_repo/backend/model/user.js": {"path":"/Users/albertopher/team_14_cis_3500_project_repo/backend/model/user.js","statementMap":{"0":{"start":{"line":2,"column":21},"end":{"line":2,"column":39}},"1":{"start":{"line":3,"column":18},"end":{"line":3,"column":33}},"2":{"start":{"line":10,"column":16},"end":{"line":27,"column":1}},"3":{"start":{"line":11,"column":2},"end":{"line":26,"column":3}},"4":{"start":{"line":13,"column":15},"end":{"line":13,"column":28}},"5":{"start":{"line":15,"column":4},"end":{"line":17,"column":5}},"6":{"start":{"line":16,"column":6},"end":{"line":16,"column":46}},"7":{"start":{"line":18,"column":19},"end":{"line":18,"column":66}},"8":{"start":{"line":20,"column":4},"end":{"line":20,"column":66}},"9":{"start":{"line":22,"column":4},"end":{"line":22,"column":29}},"10":{"start":{"line":24,"column":4},"end":{"line":24,"column":23}},"11":{"start":{"line":25,"column":4},"end":{"line":25,"column":44}},"12":{"start":{"line":33,"column":20},"end":{"line":45,"column":1}},"13":{"start":{"line":34,"column":2},"end":{"line":44,"column":3}},"14":{"start":{"line":36,"column":15},"end":{"line":36,"column":28}},"15":{"start":{"line":37,"column":19},"end":{"line":37,"column":66}},"16":{"start":{"line":39,"column":4},"end":{"line":39,"column":52}},"17":{"start":{"line":40,"column":4},"end":{"line":40,"column":18}},"18":{"start":{"line":42,"column":4},"end":{"line":42,"column":23}},"19":{"start":{"line":43,"column":4},"end":{"line":43,"column":47}},"20":{"start":{"line":52,"column":16},"end":{"line":64,"column":1}},"21":{"start":{"line":53,"column":2},"end":{"line":63,"column":3}},"22":{"start":{"line":55,"column":15},"end":{"line":55,"column":28}},"23":{"start":{"line":56,"column":19},"end":{"line":56,"column":86}},"24":{"start":{"line":58,"column":4},"end":{"line":58,"column":51}},"25":{"start":{"line":59,"column":4},"end":{"line":59,"column":18}},"26":{"start":{"line":61,"column":4},"end":{"line":61,"column":23}},"27":{"start":{"line":62,"column":4},"end":{"line":62,"column":46}},"28":{"start":{"line":72,"column":23},"end":{"line":87,"column":1}},"29":{"start":{"line":73,"column":2},"end":{"line":86,"column":3}},"30":{"start":{"line":74,"column":15},"end":{"line":74,"column":28}},"31":{"start":{"line":75,"column":19},"end":{"line":75,"column":79}},"32":{"start":{"line":76,"column":4},"end":{"line":82,"column":5}},"33":{"start":{"line":77,"column":6},"end":{"line":77,"column":52}},"34":{"start":{"line":78,"column":6},"end":{"line":78,"column":20}},"35":{"start":{"line":80,"column":6},"end":{"line":80,"column":55}},"36":{"start":{"line":81,"column":6},"end":{"line":81,"column":18}},"37":{"start":{"line":84,"column":4},"end":{"line":84,"column":23}},"38":{"start":{"line":85,"column":4},"end":{"line":85,"column":63}},"39":{"start":{"line":97,"column":19},"end":{"line":110,"column":1}},"40":{"start":{"line":98,"column":2},"end":{"line":109,"column":3}},"41":{"start":{"line":100,"column":15},"end":{"line":100,"column":28}},"42":{"start":{"line":101,"column":19},"end":{"line":104,"column":5}},"43":{"start":{"line":105,"column":4},"end":{"line":105,"column":18}},"44":{"start":{"line":107,"column":4},"end":{"line":107,"column":23}},"45":{"start":{"line":108,"column":4},"end":{"line":108,"column":49}},"46":{"start":{"line":117,"column":19},"end":{"line":131,"column":1}},"47":{"start":{"line":118,"column":2},"end":{"line":130,"column":3}},"48":{"start":{"line":120,"column":15},"end":{"line":120,"column":28}},"49":{"start":{"line":121,"column":19},"end":{"line":123,"column":5}},"50":{"start":{"line":125,"column":4},"end":{"line":125,"column":51}},"51":{"start":{"line":126,"column":4},"end":{"line":126,"column":18}},"52":{"start":{"line":128,"column":4},"end":{"line":128,"column":23}},"53":{"start":{"line":129,"column":4},"end":{"line":129,"column":49}},"54":{"start":{"line":146,"column":0},"end":{"line":153,"column":2}}},"fnMap":{"0":{"name":"(anonymous_0)","decl":{"start":{"line":10,"column":16},"end":{"line":10,"column":17}},"loc":{"start":{"line":10,"column":35},"end":{"line":27,"column":1}},"line":10},"1":{"name":"(anonymous_1)","decl":{"start":{"line":33,"column":20},"end":{"line":33,"column":21}},"loc":{"start":{"line":33,"column":32},"end":{"line":45,"column":1}},"line":33},"2":{"name":"(anonymous_2)","decl":{"start":{"line":52,"column":16},"end":{"line":52,"column":17}},"loc":{"start":{"line":52,"column":34},"end":{"line":64,"column":1}},"line":52},"3":{"name":"(anonymous_3)","decl":{"start":{"line":72,"column":23},"end":{"line":72,"column":24}},"loc":{"start":{"line":72,"column":43},"end":{"line":87,"column":1}},"line":72},"4":{"name":"(anonymous_4)","decl":{"start":{"line":97,"column":19},"end":{"line":97,"column":20}},"loc":{"start":{"line":97,"column":50},"end":{"line":110,"column":1}},"line":97},"5":{"name":"(anonymous_5)","decl":{"start":{"line":117,"column":19},"end":{"line":117,"column":20}},"loc":{"start":{"line":117,"column":37},"end":{"line":131,"column":1}},"line":117}},"branchMap":{"0":{"loc":{"start":{"line":15,"column":4},"end":{"line":17,"column":5}},"type":"if","locations":[{"start":{"line":15,"column":4},"end":{"line":17,"column":5}},{"start":{},"end":{}}],"line":15},"1":{"loc":{"start":{"line":76,"column":4},"end":{"line":82,"column":5}},"type":"if","locations":[{"start":{"line":76,"column":4},"end":{"line":82,"column":5}},{"start":{"line":79,"column":11},"end":{"line":82,"column":5}}],"line":76}},"s":{"0":2,"1":2,"2":2,"3":5,"4":5,"5":5,"6":1,"7":4,"8":4,"9":4,"10":1,"11":1,"12":2,"13":1,"14":1,"15":1,"16":1,"17":1,"18":0,"19":0,"20":2,"21":0,"22":0,"23":0,"24":0,"25":0,"26":0,"27":0,"28":2,"29":5,"30":5,"31":5,"32":5,"33":5,"34":5,"35":0,"36":0,"37":0,"38":0,"39":2,"40":0,"41":0,"42":0,"43":0,"44":0,"45":0,"46":2,"47":0,"48":0,"49":0,"50":0,"51":0,"52":0,"53":0,"54":2},"f":{"0":5,"1":1,"2":0,"3":5,"4":0,"5":0},"b":{"0":[1,4],"1":[5,0]},"_coverageSchema":"1a1c01bbd47fc00a2c39e90264f33305004495a9","hash":"8b15924ed89dcca5e2251b6255088fca26cdac64"}
}
