TN:
SF:backend/model/db.js
FN:27,(anonymous_0)
FN:44,(anonymous_1)
FN:56,(anonymous_2)
FNF:3
FNH:3
FNDA:9,(anonymous_0)
FNDA:21,(anonymous_1)
FNDA:2,(anonymous_2)
DA:5,2
DA:8,2
DA:16,2
DA:27,2
DA:29,9
DA:30,9
DA:34,9
DA:36,0
DA:44,2
DA:46,21
DA:47,9
DA:49,21
DA:56,2
DA:57,2
DA:60,2
DA:63,2
LF:16
LH:15
BRDA:46,0,0,9
BRDA:46,0,1,12
BRF:2
BRH:2
end_of_record
TN:
SF:backend/model/event.js
FN:14,(anonymous_0)
FN:58,(anonymous_1)
FN:85,(anonymous_2)
FN:127,(anonymous_3)
FN:153,(anonymous_4)
FN:170,(anonymous_5)
FN:195,(anonymous_6)
FN:220,(anonymous_7)
FN:239,(anonymous_8)
FNF:9
FNH:2
FNDA:1,(anonymous_0)
FNDA:0,(anonymous_1)
FNDA:0,(anonymous_2)
FNDA:0,(anonymous_3)
FNDA:0,(anonymous_4)
FNDA:0,(anonymous_5)
FNDA:0,(anonymous_6)
FNDA:0,(anonymous_7)
FNDA:5,(anonymous_8)
DA:1,1
DA:5,1
DA:6,1
DA:14,1
DA:15,1
DA:16,1
DA:17,1
DA:18,1
DA:19,1
DA:20,1
DA:22,0
DA:23,0
DA:58,1
DA:59,0
DA:61,0
DA:62,0
DA:66,0
DA:69,0
DA:70,0
DA:72,0
DA:75,0
DA:76,0
DA:85,1
DA:86,0
DA:87,0
DA:88,0
DA:119,0
DA:121,0
DA:122,0
DA:127,1
DA:128,0
DA:130,0
DA:131,0
DA:135,0
DA:138,0
DA:139,0
DA:141,0
DA:144,0
DA:145,0
DA:153,1
DA:154,0
DA:155,0
DA:156,0
DA:157,0
DA:159,0
DA:160,0
DA:170,1
DA:171,0
DA:172,0
DA:173,0
DA:175,0
DA:176,0
DA:177,0
DA:180,0
DA:181,0
DA:183,0
DA:184,0
DA:195,1
DA:196,0
DA:197,0
DA:198,0
DA:202,0
DA:203,0
DA:204,0
DA:206,0
DA:207,0
DA:208,0
DA:211,0
DA:212,0
DA:214,0
DA:215,0
DA:220,1
DA:221,0
DA:222,0
DA:223,0
DA:226,0
DA:227,0
DA:228,0
DA:231,0
DA:232,0
DA:234,0
DA:235,0
DA:239,1
DA:240,5
DA:241,5
DA:242,5
DA:244,5
DA:245,0
DA:246,0
DA:249,5
DA:256,5
DA:257,0
DA:258,0
DA:261,5
DA:262,5
DA:264,0
DA:265,0
DA:284,1
DA:285,1
DA:286,1
DA:287,1
DA:288,1
DA:302,1
LF:103
LH:32
BRDA:119,0,0,0
BRDA:119,0,1,0
BRDA:175,1,0,0
BRDA:175,1,1,0
BRDA:202,2,0,0
BRDA:202,2,1,0
BRDA:206,3,0,0
BRDA:206,3,1,0
BRDA:226,4,0,0
BRDA:226,4,1,0
BRDA:244,5,0,0
BRDA:244,5,1,5
BRDA:256,6,0,0
BRDA:256,6,1,5
BRF:14
BRH:2
end_of_record
TN:
SF:backend/model/user.js
FN:10,(anonymous_0)
FN:33,(anonymous_1)
FN:52,(anonymous_2)
FN:72,(anonymous_3)
FN:97,(anonymous_4)
FN:117,(anonymous_5)
FNF:6
FNH:3
FNDA:5,(anonymous_0)
FNDA:1,(anonymous_1)
FNDA:0,(anonymous_2)
FNDA:5,(anonymous_3)
FNDA:0,(anonymous_4)
FNDA:0,(anonymous_5)
DA:2,2
DA:3,2
DA:10,2
DA:11,5
DA:13,5
DA:15,5
DA:16,1
DA:18,4
DA:20,4
DA:22,4
DA:24,1
DA:25,1
DA:33,2
DA:34,1
DA:36,1
DA:37,1
DA:39,1
DA:40,1
DA:42,0
DA:43,0
DA:52,2
DA:53,0
DA:55,0
DA:56,0
DA:58,0
DA:59,0
DA:61,0
DA:62,0
DA:72,2
DA:73,5
DA:74,5
DA:75,5
DA:76,5
DA:77,5
DA:78,5
DA:80,0
DA:81,0
DA:84,0
DA:85,0
DA:97,2
DA:98,0
DA:100,0
DA:101,0
DA:105,0
DA:107,0
DA:108,0
DA:117,2
DA:118,0
DA:120,0
DA:121,0
DA:125,0
DA:126,0
DA:128,0
DA:129,0
DA:146,2
LF:55
LH:29
BRDA:15,0,0,1
BRDA:15,0,1,4
BRDA:76,1,0,5
BRDA:76,1,1,0
BRF:4
BRH:3
end_of_record
